6590:C 05 Sep 2025 09:05:05.444 * oO0OoO0OoO0Oo Redis is starting oO0OoO0OoO0Oo
6590:C 05 Sep 2025 09:05:05.444 * Redis version=8.2.0, bits=64, commit=00000000, modified=1, pid=6590, just started
6590:C 05 Sep 2025 09:05:05.444 # Warning: no config file specified, using the default config. In order to specify a config file use redis-server /path/to/redis.conf
6590:M 05 Sep 2025 09:05:05.445 * monotonic clock: POSIX clock_gettime
6590:M 05 Sep 2025 09:05:05.445 * Running mode=standalone, port=6379.
6590:M 05 Sep 2025 09:05:05.445 # WARNING: The TCP backlog setting of 511 cannot be enforced because kern.ipc.somaxconn is set to the lower value of 128.
6590:M 05 Sep 2025 09:05:05.446 * Server initialized
6590:M 05 Sep 2025 09:05:05.446 * Loading RDB produced by version 8.2.0
6590:M 05 Sep 2025 09:05:05.446 * RDB age 1959638 seconds
6590:M 05 Sep 2025 09:05:05.446 * RDB memory usage when created 0.83 Mb
6590:M 05 Sep 2025 09:05:05.446 * Done loading RDB, keys loaded: 0, keys expired: 0.
6590:M 05 Sep 2025 09:05:05.446 * DB loaded from disk: 0.000 seconds
6590:M 05 Sep 2025 09:05:05.446 * Ready to accept connections tcp
6590:signal-handler (1757103107) Received SIGTERM scheduling shutdown...
6590:M 05 Sep 2025 16:11:47.071 * User requested shutdown...
6590:M 05 Sep 2025 16:11:47.071 * Saving the final RDB snapshot before exiting.
6590:M 05 Sep 2025 16:11:47.113 * DB saved on disk
6590:M 05 Sep 2025 16:11:47.113 # Redis is now ready to exit, bye bye...
69336:C 21 Sep 2025 13:40:43.245 * oO0OoO0OoO0Oo Redis is starting oO0OoO0OoO0Oo
69336:C 21 Sep 2025 13:40:43.245 * Redis version=8.2.0, bits=64, commit=00000000, modified=1, pid=69336, just started
69336:C 21 Sep 2025 13:40:43.245 * Configuration loaded
69336:M 21 Sep 2025 13:40:43.246 * monotonic clock: POSIX clock_gettime
69336:M 21 Sep 2025 13:40:43.246 * Running mode=standalone, port=6379.
69336:M 21 Sep 2025 13:40:43.247 # WARNING: The TCP backlog setting of 511 cannot be enforced because kern.ipc.somaxconn is set to the lower value of 128.
69336:M 21 Sep 2025 13:40:43.247 * Server initialized
69336:M 21 Sep 2025 13:40:43.247 * Loading RDB produced by version 8.2.0
69336:M 21 Sep 2025 13:40:43.247 * RDB age 84 seconds
69336:M 21 Sep 2025 13:40:43.248 * RDB memory usage when created 0.78 Mb
69336:M 21 Sep 2025 13:40:43.248 * Done loading RDB, keys loaded: 0, keys expired: 0.
69336:M 21 Sep 2025 13:40:43.248 * DB loaded from disk: 0.000 seconds
69336:M 21 Sep 2025 13:40:43.248 * Ready to accept connections tcp
69336:M 21 Sep 2025 13:42:24.173 * User requested shutdown...
69336:M 21 Sep 2025 13:42:24.173 * Removing the pid file.
69336:M 21 Sep 2025 13:42:24.174 # Redis is now ready to exit, bye bye...
69470:C 21 Sep 2025 13:44:34.179 * oO0OoO0OoO0Oo Redis is starting oO0OoO0OoO0Oo
69470:C 21 Sep 2025 13:44:34.179 * Redis version=8.2.0, bits=64, commit=00000000, modified=1, pid=69470, just started
69470:C 21 Sep 2025 13:44:34.179 * Configuration loaded
69470:M 21 Sep 2025 13:44:34.180 * monotonic clock: POSIX clock_gettime
69470:M 21 Sep 2025 13:44:34.180 * Running mode=standalone, port=6379.
69470:M 21 Sep 2025 13:44:34.180 # WARNING: The TCP backlog setting of 511 cannot be enforced because kern.ipc.somaxconn is set to the lower value of 128.
69470:M 21 Sep 2025 13:44:34.181 * Server initialized
69470:M 21 Sep 2025 13:44:34.181 * Loading RDB produced by version 8.2.0
69470:M 21 Sep 2025 13:44:34.181 * RDB age 315 seconds
69470:M 21 Sep 2025 13:44:34.181 * RDB memory usage when created 0.78 Mb
69470:M 21 Sep 2025 13:44:34.181 * Done loading RDB, keys loaded: 0, keys expired: 0.
69470:M 21 Sep 2025 13:44:34.181 * DB loaded from disk: 0.000 seconds
69470:M 21 Sep 2025 13:44:34.182 * Ready to accept connections tcp
69470:M 21 Sep 2025 13:46:15.140 * User requested shutdown...
69470:M 21 Sep 2025 13:46:15.140 * Removing the pid file.
69470:M 21 Sep 2025 13:46:15.140 # Redis is now ready to exit, bye bye...
69618:C 21 Sep 2025 13:46:54.149 * oO0OoO0OoO0Oo Redis is starting oO0OoO0OoO0Oo
69618:C 21 Sep 2025 13:46:54.150 * Redis version=8.2.0, bits=64, commit=00000000, modified=1, pid=69618, just started
69618:C 21 Sep 2025 13:46:54.150 * Configuration loaded
69618:M 21 Sep 2025 13:46:54.150 * monotonic clock: POSIX clock_gettime
69618:M 21 Sep 2025 13:46:54.151 * Running mode=standalone, port=6379.
69618:M 21 Sep 2025 13:46:54.151 # WARNING: The TCP backlog setting of 511 cannot be enforced because kern.ipc.somaxconn is set to the lower value of 128.
69618:M 21 Sep 2025 13:46:54.153 * Server initialized
69618:M 21 Sep 2025 13:46:54.153 * Loading RDB produced by version 8.2.0
69618:M 21 Sep 2025 13:46:54.153 * RDB age 455 seconds
69618:M 21 Sep 2025 13:46:54.153 * RDB memory usage when created 0.78 Mb
69618:M 21 Sep 2025 13:46:54.154 * Done loading RDB, keys loaded: 0, keys expired: 0.
69618:M 21 Sep 2025 13:46:54.154 * DB loaded from disk: 0.000 seconds
69618:M 21 Sep 2025 13:46:54.154 * Ready to accept connections tcp
69618:M 21 Sep 2025 13:48:41.312 * User requested shutdown...
69618:M 21 Sep 2025 13:48:41.312 * Removing the pid file.
69618:M 21 Sep 2025 13:48:41.313 # Redis is now ready to exit, bye bye...
70412:C 21 Sep 2025 14:02:38.598 * oO0OoO0OoO0Oo Redis is starting oO0OoO0OoO0Oo
70412:C 21 Sep 2025 14:02:38.598 * Redis version=8.2.0, bits=64, commit=00000000, modified=1, pid=70412, just started
70412:C 21 Sep 2025 14:02:38.599 * Configuration loaded
70412:M 21 Sep 2025 14:02:38.599 * monotonic clock: POSIX clock_gettime
70412:M 21 Sep 2025 14:02:38.600 * Running mode=standalone, port=6379.
70412:M 21 Sep 2025 14:02:38.600 # WARNING: The TCP backlog setting of 511 cannot be enforced because kern.ipc.somaxconn is set to the lower value of 128.
70412:M 21 Sep 2025 14:02:38.600 * Server initialized
70412:M 21 Sep 2025 14:02:38.600 * Loading RDB produced by version 8.2.0
70412:M 21 Sep 2025 14:02:38.601 * RDB age 1399 seconds
70412:M 21 Sep 2025 14:02:38.601 * RDB memory usage when created 0.78 Mb
70412:M 21 Sep 2025 14:02:38.601 * Done loading RDB, keys loaded: 0, keys expired: 0.
70412:M 21 Sep 2025 14:02:38.601 * DB loaded from disk: 0.000 seconds
70412:M 21 Sep 2025 14:02:38.601 * Ready to accept connections tcp
70412:M 21 Sep 2025 14:02:50.649 * User requested shutdown...
70412:M 21 Sep 2025 14:02:50.649 * Removing the pid file.
70412:M 21 Sep 2025 14:02:50.650 # Redis is now ready to exit, bye bye...
70602:C 21 Sep 2025 14:04:32.291 * oO0OoO0OoO0Oo Redis is starting oO0OoO0OoO0Oo
70602:C 21 Sep 2025 14:04:32.291 * Redis version=8.2.0, bits=64, commit=00000000, modified=1, pid=70602, just started
70602:C 21 Sep 2025 14:04:32.291 * Configuration loaded
70602:M 21 Sep 2025 14:04:32.292 * monotonic clock: POSIX clock_gettime
70602:M 21 Sep 2025 14:04:32.292 * Running mode=standalone, port=6379.
70602:M 21 Sep 2025 14:04:32.293 # WARNING: The TCP backlog setting of 511 cannot be enforced because kern.ipc.somaxconn is set to the lower value of 128.
70602:M 21 Sep 2025 14:04:32.293 * Server initialized
70602:M 21 Sep 2025 14:04:32.294 * Loading RDB produced by version 8.2.0
70602:M 21 Sep 2025 14:04:32.294 * RDB age 1513 seconds
70602:M 21 Sep 2025 14:04:32.294 * RDB memory usage when created 0.78 Mb
70602:M 21 Sep 2025 14:04:32.294 * Done loading RDB, keys loaded: 0, keys expired: 0.
70602:M 21 Sep 2025 14:04:32.294 * DB loaded from disk: 0.001 seconds
70602:M 21 Sep 2025 14:04:32.294 * Ready to accept connections tcp
70602:M 21 Sep 2025 14:04:44.363 * User requested shutdown...
70602:M 21 Sep 2025 14:04:44.363 * Removing the pid file.
70602:M 21 Sep 2025 14:04:44.364 # Redis is now ready to exit, bye bye...
70701:C 21 Sep 2025 14:05:42.863 * oO0OoO0OoO0Oo Redis is starting oO0OoO0OoO0Oo
70701:C 21 Sep 2025 14:05:42.864 * Redis version=8.2.0, bits=64, commit=00000000, modified=1, pid=70701, just started
70701:C 21 Sep 2025 14:05:42.864 * Configuration loaded
70701:M 21 Sep 2025 14:05:42.864 * monotonic clock: POSIX clock_gettime
70701:M 21 Sep 2025 14:05:42.865 * Running mode=standalone, port=6379.
70701:M 21 Sep 2025 14:05:42.865 # WARNING: The TCP backlog setting of 511 cannot be enforced because kern.ipc.somaxconn is set to the lower value of 128.
70701:M 21 Sep 2025 14:05:42.866 * Server initialized
70701:M 21 Sep 2025 14:05:42.866 * Loading RDB produced by version 8.2.0
70701:M 21 Sep 2025 14:05:42.866 * RDB age 1583 seconds
70701:M 21 Sep 2025 14:05:42.866 * RDB memory usage when created 0.78 Mb
70701:M 21 Sep 2025 14:05:42.866 * Done loading RDB, keys loaded: 0, keys expired: 0.
70701:M 21 Sep 2025 14:05:42.866 * DB loaded from disk: 0.000 seconds
70701:M 21 Sep 2025 14:05:42.866 * Ready to accept connections tcp
70701:M 21 Sep 2025 14:06:04.936 * User requested shutdown...
70701:M 21 Sep 2025 14:06:04.936 * Removing the pid file.
70701:M 21 Sep 2025 14:06:04.937 # Redis is now ready to exit, bye bye...
70977:C 21 Sep 2025 14:09:11.256 * oO0OoO0OoO0Oo Redis is starting oO0OoO0OoO0Oo
70977:C 21 Sep 2025 14:09:11.257 * Redis version=8.2.0, bits=64, commit=00000000, modified=1, pid=70977, just started
70977:C 21 Sep 2025 14:09:11.257 * Configuration loaded
70977:M 21 Sep 2025 14:09:11.257 * monotonic clock: POSIX clock_gettime
70977:M 21 Sep 2025 14:09:11.258 * Running mode=standalone, port=6379.
70977:M 21 Sep 2025 14:09:11.258 # WARNING: The TCP backlog setting of 511 cannot be enforced because kern.ipc.somaxconn is set to the lower value of 128.
70977:M 21 Sep 2025 14:09:11.259 * Server initialized
70977:M 21 Sep 2025 14:09:11.259 * Loading RDB produced by version 8.2.0
70977:M 21 Sep 2025 14:09:11.259 * RDB age 1792 seconds
70977:M 21 Sep 2025 14:09:11.259 * RDB memory usage when created 0.78 Mb
70977:M 21 Sep 2025 14:09:11.259 * Done loading RDB, keys loaded: 0, keys expired: 0.
70977:M 21 Sep 2025 14:09:11.259 * DB loaded from disk: 0.000 seconds
70977:M 21 Sep 2025 14:09:11.259 * Ready to accept connections tcp
70977:M 21 Sep 2025 14:09:32.165 * User requested shutdown...
70977:M 21 Sep 2025 14:09:32.166 * Removing the pid file.
70977:M 21 Sep 2025 14:09:32.166 # Redis is now ready to exit, bye bye...
72459:C 21 Sep 2025 14:33:59.247 * oO0OoO0OoO0Oo Redis is starting oO0OoO0OoO0Oo
72459:C 21 Sep 2025 14:33:59.247 * Redis version=8.2.0, bits=64, commit=00000000, modified=1, pid=72459, just started
72459:C 21 Sep 2025 14:33:59.247 * Configuration loaded
72459:M 21 Sep 2025 14:33:59.248 * monotonic clock: POSIX clock_gettime
72459:M 21 Sep 2025 14:33:59.249 * Running mode=standalone, port=6379.
72459:M 21 Sep 2025 14:33:59.249 # Warning: Could not create server TCP listening socket localhost:6379: bind: Operation not permitted
72459:M 21 Sep 2025 14:33:59.250 # Failed listening on port 6379 (tcp), aborting.
72516:C 21 Sep 2025 14:34:52.858 * oO0OoO0OoO0Oo Redis is starting oO0OoO0OoO0Oo
72516:C 21 Sep 2025 14:34:52.859 * Redis version=8.2.0, bits=64, commit=00000000, modified=1, pid=72516, just started
72516:C 21 Sep 2025 14:34:52.859 * Configuration loaded
72516:M 21 Sep 2025 14:34:52.859 * monotonic clock: POSIX clock_gettime
72516:M 21 Sep 2025 14:34:52.860 * Running mode=standalone, port=6379.
72516:M 21 Sep 2025 14:34:52.861 # Warning: Could not create server TCP listening socket localhost:6379: bind: Operation not permitted
72516:M 21 Sep 2025 14:34:52.861 # Failed listening on port 6379 (tcp), aborting.
72578:C 21 Sep 2025 14:36:08.480 * oO0OoO0OoO0Oo Redis is starting oO0OoO0OoO0Oo
72578:C 21 Sep 2025 14:36:08.480 * Redis version=8.2.0, bits=64, commit=00000000, modified=1, pid=72578, just started
72578:C 21 Sep 2025 14:36:08.480 * Configuration loaded
72578:M 21 Sep 2025 14:36:08.481 * monotonic clock: POSIX clock_gettime
72578:M 21 Sep 2025 14:36:08.481 * Running mode=standalone, port=6379.
72578:M 21 Sep 2025 14:36:08.482 # Warning: Could not create server TCP listening socket localhost:6379: bind: Operation not permitted
72578:M 21 Sep 2025 14:36:08.482 # Failed listening on port 6379 (tcp), aborting.
72585:C 21 Sep 2025 14:36:13.547 * oO0OoO0OoO0Oo Redis is starting oO0OoO0OoO0Oo
72585:C 21 Sep 2025 14:36:13.548 * Redis version=8.2.0, bits=64, commit=00000000, modified=1, pid=72585, just started
72585:C 21 Sep 2025 14:36:13.548 * Configuration loaded
72585:M 21 Sep 2025 14:36:13.548 * monotonic clock: POSIX clock_gettime
72585:M 21 Sep 2025 14:36:13.549 * Running mode=standalone, port=6380.
72585:M 21 Sep 2025 14:36:13.550 # Warning: Could not create server TCP listening socket localhost:6380: bind: Operation not permitted
72585:M 21 Sep 2025 14:36:13.550 # Failed listening on port 6380 (tcp), aborting.
72591:C 21 Sep 2025 14:36:18.641 * oO0OoO0OoO0Oo Redis is starting oO0OoO0OoO0Oo
72591:C 21 Sep 2025 14:36:18.641 * Redis version=8.2.0, bits=64, commit=00000000, modified=1, pid=72591, just started
72591:C 21 Sep 2025 14:36:18.641 * Configuration loaded
72591:M 21 Sep 2025 14:36:18.642 * monotonic clock: POSIX clock_gettime
72591:M 21 Sep 2025 14:36:18.643 * Running mode=standalone, port=6381.
72591:M 21 Sep 2025 14:36:18.644 # Warning: Could not create server TCP listening socket localhost:6381: bind: Operation not permitted
72591:M 21 Sep 2025 14:36:18.644 # Failed listening on port 6381 (tcp), aborting.
72596:C 21 Sep 2025 14:36:23.721 * oO0OoO0OoO0Oo Redis is starting oO0OoO0OoO0Oo
72596:C 21 Sep 2025 14:36:23.721 * Redis version=8.2.0, bits=64, commit=00000000, modified=1, pid=72596, just started
72596:C 21 Sep 2025 14:36:23.722 * Configuration loaded
72596:M 21 Sep 2025 14:36:23.722 * monotonic clock: POSIX clock_gettime
72596:M 21 Sep 2025 14:36:23.723 * Running mode=standalone, port=6382.
72596:M 21 Sep 2025 14:36:23.724 # Warning: Could not create server TCP listening socket localhost:6382: bind: Operation not permitted
72596:M 21 Sep 2025 14:36:23.724 # Failed listening on port 6382 (tcp), aborting.
72602:C 21 Sep 2025 14:36:28.803 * oO0OoO0OoO0Oo Redis is starting oO0OoO0OoO0Oo
72602:C 21 Sep 2025 14:36:28.803 * Redis version=8.2.0, bits=64, commit=00000000, modified=1, pid=72602, just started
72602:C 21 Sep 2025 14:36:28.803 * Configuration loaded
72602:M 21 Sep 2025 14:36:28.804 * monotonic clock: POSIX clock_gettime
72602:M 21 Sep 2025 14:36:28.804 * Running mode=standalone, port=6383.
72602:M 21 Sep 2025 14:36:28.805 # Warning: Could not create server TCP listening socket localhost:6383: bind: Operation not permitted
72602:M 21 Sep 2025 14:36:28.805 # Failed listening on port 6383 (tcp), aborting.
72607:C 21 Sep 2025 14:36:33.901 * oO0OoO0OoO0Oo Redis is starting oO0OoO0OoO0Oo
72607:C 21 Sep 2025 14:36:33.901 * Redis version=8.2.0, bits=64, commit=00000000, modified=1, pid=72607, just started
72607:C 21 Sep 2025 14:36:33.901 * Configuration loaded
72607:M 21 Sep 2025 14:36:33.902 * monotonic clock: POSIX clock_gettime
72607:M 21 Sep 2025 14:36:33.903 * Running mode=standalone, port=6384.
72607:M 21 Sep 2025 14:36:33.904 # Warning: Could not create server TCP listening socket localhost:6384: bind: Operation not permitted
72607:M 21 Sep 2025 14:36:33.905 # Failed listening on port 6384 (tcp), aborting.
72613:C 21 Sep 2025 14:36:39.000 * oO0OoO0OoO0Oo Redis is starting oO0OoO0OoO0Oo
72613:C 21 Sep 2025 14:36:39.004 * Redis version=8.2.0, bits=64, commit=00000000, modified=1, pid=72613, just started
72613:C 21 Sep 2025 14:36:39.005 * Configuration loaded
72613:M 21 Sep 2025 14:36:39.006 * monotonic clock: POSIX clock_gettime
72613:M 21 Sep 2025 14:36:39.007 * Running mode=standalone, port=6385.
72613:M 21 Sep 2025 14:36:39.008 # Warning: Could not create server TCP listening socket localhost:6385: bind: Operation not permitted
72613:M 21 Sep 2025 14:36:39.008 # Failed listening on port 6385 (tcp), aborting.
72619:C 21 Sep 2025 14:36:44.092 * oO0OoO0OoO0Oo Redis is starting oO0OoO0OoO0Oo
72619:C 21 Sep 2025 14:36:44.093 * Redis version=8.2.0, bits=64, commit=00000000, modified=1, pid=72619, just started
72619:C 21 Sep 2025 14:36:44.093 * Configuration loaded
72619:M 21 Sep 2025 14:36:44.094 * monotonic clock: POSIX clock_gettime
72619:M 21 Sep 2025 14:36:44.094 * Running mode=standalone, port=6386.
72619:M 21 Sep 2025 14:36:44.096 # Warning: Could not create server TCP listening socket localhost:6386: bind: Operation not permitted
72619:M 21 Sep 2025 14:36:44.096 # Failed listening on port 6386 (tcp), aborting.
72623:C 21 Sep 2025 14:36:49.163 * oO0OoO0OoO0Oo Redis is starting oO0OoO0OoO0Oo
72623:C 21 Sep 2025 14:36:49.163 * Redis version=8.2.0, bits=64, commit=00000000, modified=1, pid=72623, just started
72623:C 21 Sep 2025 14:36:49.163 * Configuration loaded
72623:M 21 Sep 2025 14:36:49.164 * monotonic clock: POSIX clock_gettime
72623:M 21 Sep 2025 14:36:49.164 * Running mode=standalone, port=6387.
72623:M 21 Sep 2025 14:36:49.165 # Warning: Could not create server TCP listening socket localhost:6387: bind: Operation not permitted
72623:M 21 Sep 2025 14:36:49.165 # Failed listening on port 6387 (tcp), aborting.
72627:C 21 Sep 2025 14:36:54.221 * oO0OoO0OoO0Oo Redis is starting oO0OoO0OoO0Oo
72627:C 21 Sep 2025 14:36:54.221 * Redis version=8.2.0, bits=64, commit=00000000, modified=1, pid=72627, just started
72627:C 21 Sep 2025 14:36:54.221 * Configuration loaded
72627:M 21 Sep 2025 14:36:54.222 * monotonic clock: POSIX clock_gettime
72627:M 21 Sep 2025 14:36:54.223 * Running mode=standalone, port=6388.
72627:M 21 Sep 2025 14:36:54.223 # Warning: Could not create server TCP listening socket localhost:6388: bind: Operation not permitted
72627:M 21 Sep 2025 14:36:54.223 # Failed listening on port 6388 (tcp), aborting.
72631:C 21 Sep 2025 14:36:59.289 * oO0OoO0OoO0Oo Redis is starting oO0OoO0OoO0Oo
72631:C 21 Sep 2025 14:36:59.289 * Redis version=8.2.0, bits=64, commit=00000000, modified=1, pid=72631, just started
72631:C 21 Sep 2025 14:36:59.289 * Configuration loaded
72631:M 21 Sep 2025 14:36:59.290 * monotonic clock: POSIX clock_gettime
72631:M 21 Sep 2025 14:36:59.290 * Running mode=standalone, port=6389.
72631:M 21 Sep 2025 14:36:59.291 # Warning: Could not create server TCP listening socket localhost:6389: bind: Operation not permitted
72631:M 21 Sep 2025 14:36:59.291 # Failed listening on port 6389 (tcp), aborting.
72639:C 21 Sep 2025 14:37:04.353 * oO0OoO0OoO0Oo Redis is starting oO0OoO0OoO0Oo
72639:C 21 Sep 2025 14:37:04.353 * Redis version=8.2.0, bits=64, commit=00000000, modified=1, pid=72639, just started
72639:C 21 Sep 2025 14:37:04.353 * Configuration loaded
72639:M 21 Sep 2025 14:37:04.354 * monotonic clock: POSIX clock_gettime
72639:M 21 Sep 2025 14:37:04.354 * Running mode=standalone, port=6390.
72639:M 21 Sep 2025 14:37:04.355 # Warning: Could not create server TCP listening socket localhost:6390: bind: Operation not permitted
72639:M 21 Sep 2025 14:37:04.355 # Failed listening on port 6390 (tcp), aborting.
72645:C 21 Sep 2025 14:37:09.415 * oO0OoO0OoO0Oo Redis is starting oO0OoO0OoO0Oo
72645:C 21 Sep 2025 14:37:09.415 * Redis version=8.2.0, bits=64, commit=00000000, modified=1, pid=72645, just started
72645:C 21 Sep 2025 14:37:09.415 * Configuration loaded
72645:M 21 Sep 2025 14:37:09.416 * monotonic clock: POSIX clock_gettime
72645:M 21 Sep 2025 14:37:09.417 * Running mode=standalone, port=6391.
72645:M 21 Sep 2025 14:37:09.417 # Warning: Could not create server TCP listening socket localhost:6391: bind: Operation not permitted
72645:M 21 Sep 2025 14:37:09.418 # Failed listening on port 6391 (tcp), aborting.
72655:C 21 Sep 2025 14:37:14.476 * oO0OoO0OoO0Oo Redis is starting oO0OoO0OoO0Oo
72655:C 21 Sep 2025 14:37:14.476 * Redis version=8.2.0, bits=64, commit=00000000, modified=1, pid=72655, just started
72655:C 21 Sep 2025 14:37:14.476 * Configuration loaded
72655:M 21 Sep 2025 14:37:14.477 * monotonic clock: POSIX clock_gettime
72655:M 21 Sep 2025 14:37:14.477 * Running mode=standalone, port=6392.
72655:M 21 Sep 2025 14:37:14.478 # Warning: Could not create server TCP listening socket localhost:6392: bind: Operation not permitted
72655:M 21 Sep 2025 14:37:14.478 # Failed listening on port 6392 (tcp), aborting.
72659:C 21 Sep 2025 14:37:19.535 * oO0OoO0OoO0Oo Redis is starting oO0OoO0OoO0Oo
72659:C 21 Sep 2025 14:37:19.536 * Redis version=8.2.0, bits=64, commit=00000000, modified=1, pid=72659, just started
72659:C 21 Sep 2025 14:37:19.536 * Configuration loaded
72659:M 21 Sep 2025 14:37:19.536 * monotonic clock: POSIX clock_gettime
72659:M 21 Sep 2025 14:37:19.537 * Running mode=standalone, port=6393.
72659:M 21 Sep 2025 14:37:19.537 # Warning: Could not create server TCP listening socket localhost:6393: bind: Operation not permitted
72659:M 21 Sep 2025 14:37:19.537 # Failed listening on port 6393 (tcp), aborting.
72666:C 21 Sep 2025 14:37:24.600 * oO0OoO0OoO0Oo Redis is starting oO0OoO0OoO0Oo
72666:C 21 Sep 2025 14:37:24.600 * Redis version=8.2.0, bits=64, commit=00000000, modified=1, pid=72666, just started
72666:C 21 Sep 2025 14:37:24.600 * Configuration loaded
72666:M 21 Sep 2025 14:37:24.601 * monotonic clock: POSIX clock_gettime
72666:M 21 Sep 2025 14:37:24.601 * Running mode=standalone, port=6394.
72666:M 21 Sep 2025 14:37:24.602 # Warning: Could not create server TCP listening socket localhost:6394: bind: Operation not permitted
72666:M 21 Sep 2025 14:37:24.602 # Failed listening on port 6394 (tcp), aborting.
72733:C 21 Sep 2025 14:38:56.005 * oO0OoO0OoO0Oo Redis is starting oO0OoO0OoO0Oo
72733:C 21 Sep 2025 14:38:56.005 * Redis version=8.2.0, bits=64, commit=00000000, modified=1, pid=72733, just started
72733:C 21 Sep 2025 14:38:56.005 * Configuration loaded
72733:M 21 Sep 2025 14:38:56.006 * monotonic clock: POSIX clock_gettime
72733:M 21 Sep 2025 14:38:56.006 * Running mode=standalone, port=6379.
72733:M 21 Sep 2025 14:38:56.006 # WARNING: The TCP backlog setting of 511 cannot be enforced because kern.ipc.somaxconn is set to the lower value of 128.
72733:M 21 Sep 2025 14:38:56.007 * Server initialized
72733:M 21 Sep 2025 14:38:56.007 * Loading RDB produced by version 8.2.0
72733:M 21 Sep 2025 14:38:56.007 * RDB age 3577 seconds
72733:M 21 Sep 2025 14:38:56.007 * RDB memory usage when created 0.78 Mb
72733:M 21 Sep 2025 14:38:56.007 * Done loading RDB, keys loaded: 0, keys expired: 0.
72733:M 21 Sep 2025 14:38:56.008 * DB loaded from disk: 0.000 seconds
72733:M 21 Sep 2025 14:38:56.008 * Ready to accept connections tcp
72733:signal-handler (1758836773) Received SIGTERM scheduling shutdown...
72733:M 25 Sep 2025 17:46:13.294 * User requested shutdown...
72733:M 25 Sep 2025 17:46:13.294 * Removing the pid file.
72733:M 25 Sep 2025 17:46:13.295 # Redis is now ready to exit, bye bye...
92331:C 25 Sep 2025 17:46:23.627 * oO0OoO0OoO0Oo Redis is starting oO0OoO0OoO0Oo
92331:C 25 Sep 2025 17:46:23.628 * Redis version=8.2.0, bits=64, commit=00000000, modified=1, pid=92331, just started
92331:C 25 Sep 2025 17:46:23.628 * Configuration loaded
92331:M 25 Sep 2025 17:46:23.629 * monotonic clock: POSIX clock_gettime
92331:M 25 Sep 2025 17:46:23.630 * Running mode=standalone, port=6379.
92331:M 25 Sep 2025 17:46:23.630 # WARNING: The TCP backlog setting of 511 cannot be enforced because kern.ipc.somaxconn is set to the lower value of 128.
92331:M 25 Sep 2025 17:46:23.631 * Server initialized
92331:M 25 Sep 2025 17:46:23.631 * Loading RDB produced by version 8.2.0
92331:M 25 Sep 2025 17:46:23.631 * RDB age 360424 seconds
92331:M 25 Sep 2025 17:46:23.631 * RDB memory usage when created 0.78 Mb
92331:M 25 Sep 2025 17:46:23.632 * Done loading RDB, keys loaded: 0, keys expired: 0.
92331:M 25 Sep 2025 17:46:23.632 * DB loaded from disk: 0.001 seconds
92331:M 25 Sep 2025 17:46:23.632 * Ready to accept connections tcp
