/Users/sfredx/Documents/Python/Solsniper-zero-main/solhunter_zero/rl_training.py:433: RuntimeWarning: coroutine 'fetch_sentiment_async' was never awaited
  sentiment = 0.0
/Users/sfredx/Documents/Python/Solsniper-zero-main/solhunter_zero/rl_training.py:471: RuntimeWarning: coroutine 'run_simulations_async' was never awaited
  pred_vals[i] = 0.0
💡 Tip: For seamless cloud uploads and versioning, try installing [litmodels](https://pypi.org/project/litmodels/) to enable LitModelCheckpoint, which syncs automatically with the Lightning model registry.
GPU available: True (mps), used: True
TPU available: False, using: 0 TPU cores
HPU available: False, using: 0 HPUs
/Users/sfredx/Documents/Python/Solsniper-zero-main/.venv/lib/python3.13/site-packages/pytorch_lightning/trainer/connectors/logger_connector/logger_connector.py:76: Starting from v1.9.0, `tensorboardX` has been removed as a dependency of the `pytorch_lightning` package, due to potential conflicts with other packages in the ML ecosystem. For this reason, `logger=True` will use `CSVLogger` as the default logger, unless the `tensorboard` or `tensorboardX` packages are found. Please `pip install lightning[extra]` or one of them to enable TensorBoard support by default

  | Name    | Type       | Params | Mode 
-----------------------------------------------
0 | actor   | Sequential | 386    | train
1 | critic  | Sequential | 353    | train
2 | loss_fn | MSELoss    | 0      | train
-----------------------------------------------
739       Trainable params
0         Non-trainable params
739       Total params
0.003     Total estimated model params size (MB)
9         Modules in train mode
0         Modules in eval mode
/Users/sfredx/Documents/Python/Solsniper-zero-main/.venv/lib/python3.13/site-packages/torch/utils/data/dataloader.py:684: UserWarning: 'pin_memory' argument is set as true but not supported on MPS now, then device pinned memory won't be used.
  warnings.warn(warn_msg)
/Users/sfredx/Documents/Python/Solsniper-zero-main/.venv/lib/python3.13/site-packages/pytorch_lightning/loops/fit_loop.py:310: The number of training batches (39) is smaller than the logging interval Trainer(log_every_n_steps=50). Set a lower value for log_every_n_steps if you want to see logs for the training epoch.
`Trainer.fit` stopped: `max_epochs=3` reached.
failed to export torchscript: failed to export TorchScript: LightningPPO is not attached to a `Trainer`.
/Users/sfredx/Documents/Python/Solsniper-zero-main/solhunter_zero/rl_training.py:433: RuntimeWarning: coroutine 'fetch_sentiment_async' was never awaited
  sentiment = 0.0
/Users/sfredx/Documents/Python/Solsniper-zero-main/solhunter_zero/rl_training.py:471: RuntimeWarning: coroutine 'run_simulations_async' was never awaited
  pred_vals[i] = 0.0
💡 Tip: For seamless cloud uploads and versioning, try installing [litmodels](https://pypi.org/project/litmodels/) to enable LitModelCheckpoint, which syncs automatically with the Lightning model registry.
GPU available: True (mps), used: True
TPU available: False, using: 0 TPU cores
HPU available: False, using: 0 HPUs

  | Name    | Type       | Params | Mode 
-----------------------------------------------
0 | model   | Sequential | 386    | train
1 | loss_fn | MSELoss    | 0      | train
-----------------------------------------------
386       Trainable params
0         Non-trainable params
386       Total params
0.002     Total estimated model params size (MB)
5         Modules in train mode
0         Modules in eval mode
/Users/sfredx/Documents/Python/Solsniper-zero-main/.venv/lib/python3.13/site-packages/torch/utils/data/dataloader.py:684: UserWarning: 'pin_memory' argument is set as true but not supported on MPS now, then device pinned memory won't be used.
  warnings.warn(warn_msg)
/Users/sfredx/Documents/Python/Solsniper-zero-main/.venv/lib/python3.13/site-packages/pytorch_lightning/loops/fit_loop.py:310: The number of training batches (39) is smaller than the logging interval Trainer(log_every_n_steps=50). Set a lower value for log_every_n_steps if you want to see logs for the training epoch.
`Trainer.fit` stopped: `max_epochs=3` reached.
failed to export torchscript: failed to export TorchScript: LightningDQN is not attached to a `Trainer`.
WARNING:root:Broker redis://127.0.0.1:6379 unresponsive, attempting reconnect
/Users/sfredx/Documents/Python/Solsniper-zero-main/solhunter_zero/rl_training.py:433: RuntimeWarning: coroutine 'fetch_sentiment_async' was never awaited
  sentiment = 0.0
/Users/sfredx/Documents/Python/Solsniper-zero-main/solhunter_zero/rl_training.py:471: RuntimeWarning: coroutine 'run_simulations_async' was never awaited
  pred_vals[i] = 0.0
💡 Tip: For seamless cloud uploads and versioning, try installing [litmodels](https://pypi.org/project/litmodels/) to enable LitModelCheckpoint, which syncs automatically with the Lightning model registry.
GPU available: True (mps), used: True
TPU available: False, using: 0 TPU cores
HPU available: False, using: 0 HPUs

  | Name    | Type       | Params | Mode 
-----------------------------------------------
0 | model   | Sequential | 386    | train
1 | loss_fn | MSELoss    | 0      | train
-----------------------------------------------
386       Trainable params
0         Non-trainable params
386       Total params
0.002     Total estimated model params size (MB)
5         Modules in train mode
0         Modules in eval mode
/Users/sfredx/Documents/Python/Solsniper-zero-main/.venv/lib/python3.13/site-packages/torch/utils/data/dataloader.py:684: UserWarning: 'pin_memory' argument is set as true but not supported on MPS now, then device pinned memory won't be used.
  warnings.warn(warn_msg)
/Users/sfredx/Documents/Python/Solsniper-zero-main/.venv/lib/python3.13/site-packages/pytorch_lightning/loops/fit_loop.py:310: The number of training batches (21) is smaller than the logging interval Trainer(log_every_n_steps=50). Set a lower value for log_every_n_steps if you want to see logs for the training epoch.
`Trainer.fit` stopped: `max_epochs=3` reached.
WARNING:solhunter_zero.rl_training:failed to export torchscript: failed to export TorchScript: LightningDQN is not attached to a `Trainer`.
/Users/sfredx/Documents/Python/Solsniper-zero-main/solhunter_zero/rl_training.py:433: RuntimeWarning: coroutine 'fetch_sentiment_async' was never awaited
  sentiment = 0.0
/Users/sfredx/Documents/Python/Solsniper-zero-main/solhunter_zero/rl_training.py:471: RuntimeWarning: coroutine 'run_simulations_async' was never awaited
  pred_vals[i] = 0.0
💡 Tip: For seamless cloud uploads and versioning, try installing [litmodels](https://pypi.org/project/litmodels/) to enable LitModelCheckpoint, which syncs automatically with the Lightning model registry.
GPU available: True (mps), used: True
TPU available: False, using: 0 TPU cores
HPU available: False, using: 0 HPUs

  | Name    | Type       | Params | Mode 
-----------------------------------------------
0 | actor   | Sequential | 386    | train
1 | critic  | Sequential | 353    | train
2 | loss_fn | MSELoss    | 0      | train
-----------------------------------------------
739       Trainable params
0         Non-trainable params
739       Total params
0.003     Total estimated model params size (MB)
9         Modules in train mode
0         Modules in eval mode
/Users/sfredx/Documents/Python/Solsniper-zero-main/.venv/lib/python3.13/site-packages/torch/utils/data/dataloader.py:684: UserWarning: 'pin_memory' argument is set as true but not supported on MPS now, then device pinned memory won't be used.
  warnings.warn(warn_msg)
/Users/sfredx/Documents/Python/Solsniper-zero-main/.venv/lib/python3.13/site-packages/pytorch_lightning/loops/fit_loop.py:310: The number of training batches (24) is smaller than the logging interval Trainer(log_every_n_steps=50). Set a lower value for log_every_n_steps if you want to see logs for the training epoch.
/Users/sfredx/Documents/Python/Solsniper-zero-main/.venv/lib/python3.13/site-packages/torch/nn/modules/loss.py:616: UserWarning: Using a target size (torch.Size([1])) that is different to the input size (torch.Size([])). This will likely lead to incorrect results due to broadcasting. Please ensure they have the same size.
  return F.mse_loss(input, target, reduction=self.reduction)
`Trainer.fit` stopped: `max_epochs=3` reached.
WARNING:solhunter_zero.rl_training:failed to export torchscript: failed to export TorchScript: LightningPPO is not attached to a `Trainer`.
/Users/sfredx/Documents/Python/Solsniper-zero-main/solhunter_zero/rl_training.py:433: RuntimeWarning: coroutine 'fetch_sentiment_async' was never awaited
  sentiment = 0.0
/Users/sfredx/Documents/Python/Solsniper-zero-main/solhunter_zero/rl_training.py:471: RuntimeWarning: coroutine 'run_simulations_async' was never awaited
  pred_vals[i] = 0.0
💡 Tip: For seamless cloud uploads and versioning, try installing [litmodels](https://pypi.org/project/litmodels/) to enable LitModelCheckpoint, which syncs automatically with the Lightning model registry.
GPU available: True (mps), used: True
TPU available: False, using: 0 TPU cores
HPU available: False, using: 0 HPUs

  | Name    | Type       | Params | Mode 
-----------------------------------------------
0 | model   | Sequential | 386    | train
1 | loss_fn | MSELoss    | 0      | train
-----------------------------------------------
386       Trainable params
0         Non-trainable params
386       Total params
0.002     Total estimated model params size (MB)
5         Modules in train mode
0         Modules in eval mode
/Users/sfredx/Documents/Python/Solsniper-zero-main/.venv/lib/python3.13/site-packages/torch/utils/data/dataloader.py:684: UserWarning: 'pin_memory' argument is set as true but not supported on MPS now, then device pinned memory won't be used.
  warnings.warn(warn_msg)
/Users/sfredx/Documents/Python/Solsniper-zero-main/.venv/lib/python3.13/site-packages/pytorch_lightning/loops/fit_loop.py:310: The number of training batches (20) is smaller than the logging interval Trainer(log_every_n_steps=50). Set a lower value for log_every_n_steps if you want to see logs for the training epoch.
`Trainer.fit` stopped: `max_epochs=3` reached.
WARNING:solhunter_zero.rl_training:failed to export torchscript: failed to export TorchScript: LightningDQN is not attached to a `Trainer`.
/Users/sfredx/Documents/Python/Solsniper-zero-main/solhunter_zero/rl_training.py:433: RuntimeWarning: coroutine 'fetch_sentiment_async' was never awaited
  sentiment = 0.0
/Users/sfredx/Documents/Python/Solsniper-zero-main/solhunter_zero/rl_training.py:471: RuntimeWarning: coroutine 'run_simulations_async' was never awaited
  pred_vals[i] = 0.0
💡 Tip: For seamless cloud uploads and versioning, try installing [litmodels](https://pypi.org/project/litmodels/) to enable LitModelCheckpoint, which syncs automatically with the Lightning model registry.
GPU available: True (mps), used: True
TPU available: False, using: 0 TPU cores
HPU available: False, using: 0 HPUs

  | Name    | Type       | Params | Mode 
-----------------------------------------------
0 | actor   | Sequential | 386    | train
1 | critic  | Sequential | 353    | train
2 | loss_fn | MSELoss    | 0      | train
-----------------------------------------------
739       Trainable params
0         Non-trainable params
739       Total params
0.003     Total estimated model params size (MB)
9         Modules in train mode
0         Modules in eval mode
/Users/sfredx/Documents/Python/Solsniper-zero-main/.venv/lib/python3.13/site-packages/torch/utils/data/dataloader.py:684: UserWarning: 'pin_memory' argument is set as true but not supported on MPS now, then device pinned memory won't be used.
  warnings.warn(warn_msg)
/Users/sfredx/Documents/Python/Solsniper-zero-main/.venv/lib/python3.13/site-packages/pytorch_lightning/loops/fit_loop.py:310: The number of training batches (20) is smaller than the logging interval Trainer(log_every_n_steps=50). Set a lower value for log_every_n_steps if you want to see logs for the training epoch.
`Trainer.fit` stopped: `max_epochs=3` reached.
WARNING:solhunter_zero.rl_training:failed to export torchscript: failed to export TorchScript: LightningPPO is not attached to a `Trainer`.
/Users/sfredx/Documents/Python/Solsniper-zero-main/solhunter_zero/rl_training.py:433: RuntimeWarning: coroutine 'fetch_sentiment_async' was never awaited
  sentiment = 0.0
/Users/sfredx/Documents/Python/Solsniper-zero-main/solhunter_zero/rl_training.py:471: RuntimeWarning: coroutine 'run_simulations_async' was never awaited
  pred_vals[i] = 0.0
💡 Tip: For seamless cloud uploads and versioning, try installing [litmodels](https://pypi.org/project/litmodels/) to enable LitModelCheckpoint, which syncs automatically with the Lightning model registry.
GPU available: True (mps), used: True
TPU available: False, using: 0 TPU cores
HPU available: False, using: 0 HPUs

  | Name    | Type       | Params | Mode 
-----------------------------------------------
0 | model   | Sequential | 386    | train
1 | loss_fn | MSELoss    | 0      | train
-----------------------------------------------
386       Trainable params
0         Non-trainable params
386       Total params
0.002     Total estimated model params size (MB)
5         Modules in train mode
0         Modules in eval mode
/Users/sfredx/Documents/Python/Solsniper-zero-main/.venv/lib/python3.13/site-packages/torch/utils/data/dataloader.py:684: UserWarning: 'pin_memory' argument is set as true but not supported on MPS now, then device pinned memory won't be used.
  warnings.warn(warn_msg)
/Users/sfredx/Documents/Python/Solsniper-zero-main/.venv/lib/python3.13/site-packages/pytorch_lightning/loops/fit_loop.py:310: The number of training batches (20) is smaller than the logging interval Trainer(log_every_n_steps=50). Set a lower value for log_every_n_steps if you want to see logs for the training epoch.
`Trainer.fit` stopped: `max_epochs=3` reached.
WARNING:solhunter_zero.rl_training:failed to export torchscript: failed to export TorchScript: LightningDQN is not attached to a `Trainer`.
/Users/sfredx/Documents/Python/Solsniper-zero-main/solhunter_zero/rl_training.py:433: RuntimeWarning: coroutine 'fetch_sentiment_async' was never awaited
  sentiment = 0.0
/Users/sfredx/Documents/Python/Solsniper-zero-main/solhunter_zero/rl_training.py:471: RuntimeWarning: coroutine 'run_simulations_async' was never awaited
  pred_vals[i] = 0.0
💡 Tip: For seamless cloud uploads and versioning, try installing [litmodels](https://pypi.org/project/litmodels/) to enable LitModelCheckpoint, which syncs automatically with the Lightning model registry.
GPU available: True (mps), used: True
TPU available: False, using: 0 TPU cores
HPU available: False, using: 0 HPUs

  | Name    | Type       | Params | Mode 
-----------------------------------------------
0 | actor   | Sequential | 386    | train
1 | critic  | Sequential | 353    | train
2 | loss_fn | MSELoss    | 0      | train
-----------------------------------------------
739       Trainable params
0         Non-trainable params
739       Total params
0.003     Total estimated model params size (MB)
9         Modules in train mode
0         Modules in eval mode
/Users/sfredx/Documents/Python/Solsniper-zero-main/.venv/lib/python3.13/site-packages/torch/utils/data/dataloader.py:684: UserWarning: 'pin_memory' argument is set as true but not supported on MPS now, then device pinned memory won't be used.
  warnings.warn(warn_msg)
/Users/sfredx/Documents/Python/Solsniper-zero-main/.venv/lib/python3.13/site-packages/pytorch_lightning/loops/fit_loop.py:310: The number of training batches (20) is smaller than the logging interval Trainer(log_every_n_steps=50). Set a lower value for log_every_n_steps if you want to see logs for the training epoch.
`Trainer.fit` stopped: `max_epochs=3` reached.
WARNING:solhunter_zero.rl_training:failed to export torchscript: failed to export TorchScript: LightningPPO is not attached to a `Trainer`.
/Users/sfredx/Documents/Python/Solsniper-zero-main/solhunter_zero/rl_training.py:433: RuntimeWarning: coroutine 'fetch_sentiment_async' was never awaited
  sentiment = 0.0
/Users/sfredx/Documents/Python/Solsniper-zero-main/solhunter_zero/rl_training.py:471: RuntimeWarning: coroutine 'run_simulations_async' was never awaited
  pred_vals[i] = 0.0
💡 Tip: For seamless cloud uploads and versioning, try installing [litmodels](https://pypi.org/project/litmodels/) to enable LitModelCheckpoint, which syncs automatically with the Lightning model registry.
GPU available: True (mps), used: True
TPU available: False, using: 0 TPU cores
HPU available: False, using: 0 HPUs

  | Name    | Type       | Params | Mode 
-----------------------------------------------
0 | model   | Sequential | 386    | train
1 | loss_fn | MSELoss    | 0      | train
-----------------------------------------------
386       Trainable params
0         Non-trainable params
386       Total params
0.002     Total estimated model params size (MB)
5         Modules in train mode
0         Modules in eval mode
/Users/sfredx/Documents/Python/Solsniper-zero-main/.venv/lib/python3.13/site-packages/torch/utils/data/dataloader.py:684: UserWarning: 'pin_memory' argument is set as true but not supported on MPS now, then device pinned memory won't be used.
  warnings.warn(warn_msg)
/Users/sfredx/Documents/Python/Solsniper-zero-main/.venv/lib/python3.13/site-packages/pytorch_lightning/loops/fit_loop.py:310: The number of training batches (20) is smaller than the logging interval Trainer(log_every_n_steps=50). Set a lower value for log_every_n_steps if you want to see logs for the training epoch.
`Trainer.fit` stopped: `max_epochs=3` reached.
WARNING:solhunter_zero.rl_training:failed to export torchscript: failed to export TorchScript: LightningDQN is not attached to a `Trainer`.
/Users/sfredx/Documents/Python/Solsniper-zero-main/solhunter_zero/rl_training.py:433: RuntimeWarning: coroutine 'fetch_sentiment_async' was never awaited
  sentiment = 0.0
/Users/sfredx/Documents/Python/Solsniper-zero-main/solhunter_zero/rl_training.py:471: RuntimeWarning: coroutine 'run_simulations_async' was never awaited
  pred_vals[i] = 0.0
💡 Tip: For seamless cloud uploads and versioning, try installing [litmodels](https://pypi.org/project/litmodels/) to enable LitModelCheckpoint, which syncs automatically with the Lightning model registry.
GPU available: True (mps), used: True
TPU available: False, using: 0 TPU cores
HPU available: False, using: 0 HPUs

  | Name    | Type       | Params | Mode 
-----------------------------------------------
0 | actor   | Sequential | 386    | train
1 | critic  | Sequential | 353    | train
2 | loss_fn | MSELoss    | 0      | train
-----------------------------------------------
739       Trainable params
0         Non-trainable params
739       Total params
0.003     Total estimated model params size (MB)
9         Modules in train mode
0         Modules in eval mode
/Users/sfredx/Documents/Python/Solsniper-zero-main/.venv/lib/python3.13/site-packages/torch/utils/data/dataloader.py:684: UserWarning: 'pin_memory' argument is set as true but not supported on MPS now, then device pinned memory won't be used.
  warnings.warn(warn_msg)
/Users/sfredx/Documents/Python/Solsniper-zero-main/.venv/lib/python3.13/site-packages/pytorch_lightning/loops/fit_loop.py:310: The number of training batches (20) is smaller than the logging interval Trainer(log_every_n_steps=50). Set a lower value for log_every_n_steps if you want to see logs for the training epoch.
`Trainer.fit` stopped: `max_epochs=3` reached.
WARNING:solhunter_zero.rl_training:failed to export torchscript: failed to export TorchScript: LightningPPO is not attached to a `Trainer`.
/Users/sfredx/Documents/Python/Solsniper-zero-main/solhunter_zero/rl_training.py:433: RuntimeWarning: coroutine 'fetch_sentiment_async' was never awaited
  sentiment = 0.0
/Users/sfredx/Documents/Python/Solsniper-zero-main/solhunter_zero/rl_training.py:471: RuntimeWarning: coroutine 'run_simulations_async' was never awaited
  pred_vals[i] = 0.0
💡 Tip: For seamless cloud uploads and versioning, try installing [litmodels](https://pypi.org/project/litmodels/) to enable LitModelCheckpoint, which syncs automatically with the Lightning model registry.
GPU available: True (mps), used: True
TPU available: False, using: 0 TPU cores
HPU available: False, using: 0 HPUs

  | Name    | Type       | Params | Mode 
-----------------------------------------------
0 | model   | Sequential | 386    | train
1 | loss_fn | MSELoss    | 0      | train
-----------------------------------------------
386       Trainable params
0         Non-trainable params
386       Total params
0.002     Total estimated model params size (MB)
5         Modules in train mode
0         Modules in eval mode
/Users/sfredx/Documents/Python/Solsniper-zero-main/.venv/lib/python3.13/site-packages/torch/utils/data/dataloader.py:684: UserWarning: 'pin_memory' argument is set as true but not supported on MPS now, then device pinned memory won't be used.
  warnings.warn(warn_msg)
/Users/sfredx/Documents/Python/Solsniper-zero-main/.venv/lib/python3.13/site-packages/pytorch_lightning/loops/fit_loop.py:310: The number of training batches (20) is smaller than the logging interval Trainer(log_every_n_steps=50). Set a lower value for log_every_n_steps if you want to see logs for the training epoch.
`Trainer.fit` stopped: `max_epochs=3` reached.
WARNING:solhunter_zero.rl_training:failed to export torchscript: failed to export TorchScript: LightningDQN is not attached to a `Trainer`.
/Users/sfredx/Documents/Python/Solsniper-zero-main/solhunter_zero/rl_training.py:433: RuntimeWarning: coroutine 'fetch_sentiment_async' was never awaited
  sentiment = 0.0
/Users/sfredx/Documents/Python/Solsniper-zero-main/solhunter_zero/rl_training.py:471: RuntimeWarning: coroutine 'run_simulations_async' was never awaited
  pred_vals[i] = 0.0
💡 Tip: For seamless cloud uploads and versioning, try installing [litmodels](https://pypi.org/project/litmodels/) to enable LitModelCheckpoint, which syncs automatically with the Lightning model registry.
GPU available: True (mps), used: True
TPU available: False, using: 0 TPU cores
HPU available: False, using: 0 HPUs

  | Name    | Type       | Params | Mode 
-----------------------------------------------
0 | actor   | Sequential | 386    | train
1 | critic  | Sequential | 353    | train
2 | loss_fn | MSELoss    | 0      | train
-----------------------------------------------
739       Trainable params
0         Non-trainable params
739       Total params
0.003     Total estimated model params size (MB)
9         Modules in train mode
0         Modules in eval mode
/Users/sfredx/Documents/Python/Solsniper-zero-main/.venv/lib/python3.13/site-packages/torch/utils/data/dataloader.py:684: UserWarning: 'pin_memory' argument is set as true but not supported on MPS now, then device pinned memory won't be used.
  warnings.warn(warn_msg)
/Users/sfredx/Documents/Python/Solsniper-zero-main/.venv/lib/python3.13/site-packages/pytorch_lightning/loops/fit_loop.py:310: The number of training batches (20) is smaller than the logging interval Trainer(log_every_n_steps=50). Set a lower value for log_every_n_steps if you want to see logs for the training epoch.
`Trainer.fit` stopped: `max_epochs=3` reached.
WARNING:solhunter_zero.rl_training:failed to export torchscript: failed to export TorchScript: LightningPPO is not attached to a `Trainer`.
/Users/sfredx/Documents/Python/Solsniper-zero-main/solhunter_zero/rl_training.py:433: RuntimeWarning: coroutine 'fetch_sentiment_async' was never awaited
  sentiment = 0.0
/Users/sfredx/Documents/Python/Solsniper-zero-main/solhunter_zero/rl_training.py:471: RuntimeWarning: coroutine 'run_simulations_async' was never awaited
  pred_vals[i] = 0.0
💡 Tip: For seamless cloud uploads and versioning, try installing [litmodels](https://pypi.org/project/litmodels/) to enable LitModelCheckpoint, which syncs automatically with the Lightning model registry.
GPU available: True (mps), used: True
TPU available: False, using: 0 TPU cores
HPU available: False, using: 0 HPUs

  | Name    | Type       | Params | Mode 
-----------------------------------------------
0 | model   | Sequential | 386    | train
1 | loss_fn | MSELoss    | 0      | train
-----------------------------------------------
386       Trainable params
0         Non-trainable params
386       Total params
0.002     Total estimated model params size (MB)
5         Modules in train mode
0         Modules in eval mode
/Users/sfredx/Documents/Python/Solsniper-zero-main/.venv/lib/python3.13/site-packages/torch/utils/data/dataloader.py:684: UserWarning: 'pin_memory' argument is set as true but not supported on MPS now, then device pinned memory won't be used.
  warnings.warn(warn_msg)
/Users/sfredx/Documents/Python/Solsniper-zero-main/.venv/lib/python3.13/site-packages/pytorch_lightning/loops/fit_loop.py:310: The number of training batches (20) is smaller than the logging interval Trainer(log_every_n_steps=50). Set a lower value for log_every_n_steps if you want to see logs for the training epoch.
`Trainer.fit` stopped: `max_epochs=3` reached.
WARNING:solhunter_zero.rl_training:failed to export torchscript: failed to export TorchScript: LightningDQN is not attached to a `Trainer`.
/Users/sfredx/Documents/Python/Solsniper-zero-main/solhunter_zero/rl_training.py:433: RuntimeWarning: coroutine 'fetch_sentiment_async' was never awaited
  sentiment = 0.0
/Users/sfredx/Documents/Python/Solsniper-zero-main/solhunter_zero/rl_training.py:471: RuntimeWarning: coroutine 'run_simulations_async' was never awaited
  pred_vals[i] = 0.0
💡 Tip: For seamless cloud uploads and versioning, try installing [litmodels](https://pypi.org/project/litmodels/) to enable LitModelCheckpoint, which syncs automatically with the Lightning model registry.
GPU available: True (mps), used: True
TPU available: False, using: 0 TPU cores
HPU available: False, using: 0 HPUs

  | Name    | Type       | Params | Mode 
-----------------------------------------------
0 | actor   | Sequential | 386    | train
1 | critic  | Sequential | 353    | train
2 | loss_fn | MSELoss    | 0      | train
-----------------------------------------------
739       Trainable params
0         Non-trainable params
739       Total params
0.003     Total estimated model params size (MB)
9         Modules in train mode
0         Modules in eval mode
/Users/sfredx/Documents/Python/Solsniper-zero-main/.venv/lib/python3.13/site-packages/torch/utils/data/dataloader.py:684: UserWarning: 'pin_memory' argument is set as true but not supported on MPS now, then device pinned memory won't be used.
  warnings.warn(warn_msg)
/Users/sfredx/Documents/Python/Solsniper-zero-main/.venv/lib/python3.13/site-packages/pytorch_lightning/loops/fit_loop.py:310: The number of training batches (20) is smaller than the logging interval Trainer(log_every_n_steps=50). Set a lower value for log_every_n_steps if you want to see logs for the training epoch.
`Trainer.fit` stopped: `max_epochs=3` reached.
WARNING:solhunter_zero.rl_training:failed to export torchscript: failed to export TorchScript: LightningPPO is not attached to a `Trainer`.
/Users/sfredx/Documents/Python/Solsniper-zero-main/solhunter_zero/rl_training.py:433: RuntimeWarning: coroutine 'fetch_sentiment_async' was never awaited
  sentiment = 0.0
/Users/sfredx/Documents/Python/Solsniper-zero-main/solhunter_zero/rl_training.py:471: RuntimeWarning: coroutine 'run_simulations_async' was never awaited
  pred_vals[i] = 0.0
💡 Tip: For seamless cloud uploads and versioning, try installing [litmodels](https://pypi.org/project/litmodels/) to enable LitModelCheckpoint, which syncs automatically with the Lightning model registry.
GPU available: True (mps), used: True
TPU available: False, using: 0 TPU cores
HPU available: False, using: 0 HPUs

  | Name    | Type       | Params | Mode 
-----------------------------------------------
0 | model   | Sequential | 386    | train
1 | loss_fn | MSELoss    | 0      | train
-----------------------------------------------
386       Trainable params
0         Non-trainable params
386       Total params
0.002     Total estimated model params size (MB)
5         Modules in train mode
0         Modules in eval mode
/Users/sfredx/Documents/Python/Solsniper-zero-main/.venv/lib/python3.13/site-packages/torch/utils/data/dataloader.py:684: UserWarning: 'pin_memory' argument is set as true but not supported on MPS now, then device pinned memory won't be used.
  warnings.warn(warn_msg)
/Users/sfredx/Documents/Python/Solsniper-zero-main/.venv/lib/python3.13/site-packages/pytorch_lightning/loops/fit_loop.py:310: The number of training batches (7) is smaller than the logging interval Trainer(log_every_n_steps=50). Set a lower value for log_every_n_steps if you want to see logs for the training epoch.
`Trainer.fit` stopped: `max_epochs=3` reached.
WARNING:solhunter_zero.rl_training:failed to export torchscript: failed to export TorchScript: LightningDQN is not attached to a `Trainer`.
WARNING:root:Broker redis://127.0.0.1:6379 unresponsive, attempting reconnect
WARNING:root:Broker reconnect failed for redis://127.0.0.1:6379 (attempt 1/3): Error 61 connecting to 127.0.0.1:6379. Connect call failed ('127.0.0.1', 6379).
WARNING:root:Broker reconnect failed for redis://127.0.0.1:6379 (attempt 2/3): Error 61 connecting to 127.0.0.1:6379. Connect call failed ('127.0.0.1', 6379).
WARNING:root:Broker reconnect failed for redis://127.0.0.1:6379 (attempt 3/3): Error 61 connecting to 127.0.0.1:6379. Connect call failed ('127.0.0.1', 6379).
WARNING:root:Failed to reconnect to broker redis://127.0.0.1:6379 after 3 attempts
WARNING:root:Broker redis://127.0.0.1:6379 unresponsive, attempting reconnect
WARNING:root:Broker reconnect failed for redis://127.0.0.1:6379 (attempt 1/3): Error 61 connecting to 127.0.0.1:6379. Connect call failed ('127.0.0.1', 6379).
WARNING:root:Broker reconnect failed for redis://127.0.0.1:6379 (attempt 2/3): Error 61 connecting to 127.0.0.1:6379. Connect call failed ('127.0.0.1', 6379).
WARNING:root:Broker reconnect failed for redis://127.0.0.1:6379 (attempt 3/3): Error 61 connecting to 127.0.0.1:6379. Connect call failed ('127.0.0.1', 6379).
/Users/sfredx/Documents/Python/Solsniper-zero-main/solhunter_zero/rl_training.py:433: RuntimeWarning: coroutine 'fetch_sentiment_async' was never awaited
  sentiment = 0.0
/Users/sfredx/Documents/Python/Solsniper-zero-main/solhunter_zero/rl_training.py:471: RuntimeWarning: coroutine 'run_simulations_async' was never awaited
  pred_vals[i] = 0.0
💡 Tip: For seamless cloud uploads and versioning, try installing [litmodels](https://pypi.org/project/litmodels/) to enable LitModelCheckpoint, which syncs automatically with the Lightning model registry.
GPU available: True (mps), used: True
TPU available: False, using: 0 TPU cores
HPU available: False, using: 0 HPUs

  | Name    | Type       | Params | Mode 
-----------------------------------------------
0 | actor   | Sequential | 386    | train
1 | critic  | Sequential | 353    | train
2 | loss_fn | MSELoss    | 0      | train
-----------------------------------------------
739       Trainable params
0         Non-trainable params
739       Total params
0.003     Total estimated model params size (MB)
9         Modules in train mode
0         Modules in eval mode
/Users/sfredx/Documents/Python/Solsniper-zero-main/.venv/lib/python3.13/site-packages/torch/utils/data/dataloader.py:684: UserWarning: 'pin_memory' argument is set as true but not supported on MPS now, then device pinned memory won't be used.
  warnings.warn(warn_msg)
/Users/sfredx/Documents/Python/Solsniper-zero-main/.venv/lib/python3.13/site-packages/pytorch_lightning/loops/fit_loop.py:310: The number of training batches (4) is smaller than the logging interval Trainer(log_every_n_steps=50). Set a lower value for log_every_n_steps if you want to see logs for the training epoch.
`Trainer.fit` stopped: `max_epochs=3` reached.
WARNING:solhunter_zero.rl_training:failed to export torchscript: failed to export TorchScript: LightningPPO is not attached to a `Trainer`.
WARNING:root:Failed to reconnect to broker redis://127.0.0.1:6379 after 3 attempts
ining epoch.
`Trainer.fit` stopped: `max_epochs=3` reached.
WARNING:solhunter_zero.rl_training:failed to export torchscript: failed to export TorchScript: LightningDQN is not attached to a `Trainer`.
/Users/sfredx/Documents/Python/Solsniper-zero-main/solhunter_zero/rl_training.py:433: RuntimeWarning: coroutine 'fetch_sentiment_async' was never awaited
  sentiment = 0.0
/Users/sfredx/Documents/Python/Solsniper-zero-main/solhunter_zero/rl_training.py:471: RuntimeWarning: coroutine 'run_simulations_async' was never awaited
  pred_vals[i] = 0.0
💡 Tip: For seamless cloud uploads and versioning, try installing [litmodels](https://pypi.org/project/litmodels/) to enable LitModelCheckpoint, which syncs automatically with the Lightning model registry.
GPU available: True (mps), used: True
TPU available: False, using: 0 TPU cores
HPU available: False, using: 0 HPUs

  | Name    | Type       | Params | Mode 
-----------------------------------------------
0 | actor   | Sequential | 386    | train
1 | critic  | Sequential | 353    | train
2 | loss_fn | MSELoss    | 0      | train
-----------------------------------------------
739       Trainable params
0         Non-trainable params
739       Total params
0.003     Total estimated model params size (MB)
9         Modules in train mode
0         Modules in eval mode
/Users/sfredx/Documents/Python/Solsniper-zero-main/.venv/lib/python3.13/site-packages/torch/utils/data/dataloader.py:684: UserWarning: 'pin_memory' argument is set as true but not supported on MPS now, then device pinned memory won't be used.
  warnings.warn(warn_msg)
/Users/sfredx/Documents/Python/Solsniper-zero-main/.venv/lib/python3.13/site-packages/pytorch_lightning/loops/fit_loop.py:310: The number of training batches (20) is smaller than the logging interval Trainer(log_every_n_steps=50). Set a lower value for log_every_n_steps if you want to see logs for the training epoch.
`Trainer.fit` stopped: `max_epochs=3` reached.
WARNING:solhunter_zero.rl_training:failed to export torchscript: failed to export TorchScript: LightningPPO is not attached to a `Trainer`.
/Users/sfredx/Documents/Python/Solsniper-zero-main/solhunter_zero/rl_training.py:433: RuntimeWarning: coroutine 'fetch_sentiment_async' was never awaited
  sentiment = 0.0
/Users/sfredx/Documents/Python/Solsniper-zero-main/solhunter_zero/rl_training.py:471: RuntimeWarning: coroutine 'run_simulations_async' was never awaited
  pred_vals[i] = 0.0
💡 Tip: For seamless cloud uploads and versioning, try installing [litmodels](https://pypi.org/project/litmodels/) to enable LitModelCheckpoint, which syncs automatically with the Lightning model registry.
GPU available: True (mps), used: True
TPU available: False, using: 0 TPU cores
HPU available: False, using: 0 HPUs

  | Name    | Type       | Params | Mode 
-----------------------------------------------
0 | model   | Sequential | 386    | train
1 | loss_fn | MSELoss    | 0      | train
-----------------------------------------------
386       Trainable params
0         Non-trainable params
386       Total params
0.002     Total estimated model params size (MB)
5         Modules in train mode
0         Modules in eval mode
/Users/sfredx/Documents/Python/Solsniper-zero-main/.venv/lib/python3.13/site-packages/torch/utils/data/dataloader.py:684: UserWarning: 'pin_memory' argument is set as true but not supported on MPS now, then device pinned memory won't be used.
  warnings.warn(warn_msg)
/Users/sfredx/Documents/Python/Solsniper-zero-main/.venv/lib/python3.13/site-packages/pytorch_lightning/loops/fit_loop.py:310: The number of training batches (15) is smaller than the logging interval Trainer(log_every_n_steps=50). Set a lower value for log_every_n_steps if you want to see logs for the training epoch.
`Trainer.fit` stopped: `max_epochs=3` reached.
WARNING:solhunter_zero.rl_training:failed to export torchscript: failed to export TorchScript: LightningDQN is not attached to a `Trainer`.
/Users/sfredx/Documents/Python/Solsniper-zero-main/solhunter_zero/rl_training.py:433: RuntimeWarning: coroutine 'fetch_sentiment_async' was never awaited
  sentiment = 0.0
/Users/sfredx/Documents/Python/Solsniper-zero-main/solhunter_zero/rl_training.py:471: RuntimeWarning: coroutine 'run_simulations_async' was never awaited
  pred_vals[i] = 0.0
💡 Tip: For seamless cloud uploads and versioning, try installing [litmodels](https://pypi.org/project/litmodels/) to enable LitModelCheckpoint, which syncs automatically with the Lightning model registry.
GPU available: True (mps), used: True
TPU available: False, using: 0 TPU cores
HPU available: False, using: 0 HPUs

  | Name    | Type       | Params | Mode 
-----------------------------------------------
0 | actor   | Sequential | 386    | train
1 | critic  | Sequential | 353    | train
2 | loss_fn | MSELoss    | 0      | train
-----------------------------------------------
739       Trainable params
0         Non-trainable params
739       Total params
0.003     Total estimated model params size (MB)
9         Modules in train mode
0         Modules in eval mode
/Users/sfredx/Documents/Python/Solsniper-zero-main/.venv/lib/python3.13/site-packages/torch/utils/data/dataloader.py:684: UserWarning: 'pin_memory' argument is set as true but not supported on MPS now, then device pinned memory won't be used.
  warnings.warn(warn_msg)
/Users/sfredx/Documents/Python/Solsniper-zero-main/.venv/lib/python3.13/site-packages/pytorch_lightning/loops/fit_loop.py:310: The number of training batches (12) is smaller than the logging interval Trainer(log_every_n_steps=50). Set a lower value for log_every_n_steps if you want to see logs for the training epoch.
`Trainer.fit` stopped: `max_epochs=3` reached.
WARNING:solhunter_zero.rl_training:failed to export torchscript: failed to export TorchScript: LightningPPO is not attached to a `Trainer`.
WARNING:root:Broker redis://localhost:6379 unresponsive, attempting reconnect
WARNING:root:Broker reconnect failed for redis://localhost:6379 (attempt 1/3): Error Multiple exceptions: [Errno 61] Connect call failed ('127.0.0.1', 6379), [Errno 61] Connect call failed ('::1', 6379, 0, 0) connecting to localhost:6379.
WARNING:root:Broker reconnect failed for redis://localhost:6379 (attempt 2/3): Error Multiple exceptions: [Errno 61] Connect call failed ('127.0.0.1', 6379), [Errno 61] Connect call failed ('::1', 6379, 0, 0) connecting to localhost:6379.
WARNING:root:Broker reconnect failed for redis://localhost:6379 (attempt 3/3): Error Multiple exceptions: [Errno 61] Connect call failed ('127.0.0.1', 6379), [Errno 61] Connect call failed ('::1', 6379, 0, 0) connecting to localhost:6379.
WARNING:root:Failed to reconnect to broker redis://localhost:6379 after 3 attempts
WARNING:root:Broker redis://localhost:6379 unresponsive, attempting reconnect
WARNING:root:Broker reconnect failed for redis://localhost:6379 (attempt 1/3): Error Multiple exceptions: [Errno 61] Connect call failed ('127.0.0.1', 6379), [Errno 61] Connect call failed ('::1', 6379, 0, 0) connecting to localhost:6379.
WARNING:root:Broker reconnect failed for redis://localhost:6379 (attempt 2/3): Error Multiple exceptions: [Errno 61] Connect call failed ('127.0.0.1', 6379), [Errno 61] Connect call failed ('::1', 6379, 0, 0) connecting to localhost:6379.
WARNING:root:Broker reconnect failed for redis://localhost:6379 (attempt 3/3): Error Multiple exceptions: [Errno 61] Connect call failed ('127.0.0.1', 6379), [Errno 61] Connect call failed ('::1', 6379, 0, 0) connecting to localhost:6379.
WARNING:root:Failed to reconnect to broker redis://localhost:6379 after 3 attempts
